2021-08-17 09:41:22.636  INFO 5180 --- [restartedMain] com.capgemini.Client                     : Starting Client on AKASH with PID 5180 (X:\Capgemini New Batch - 27 may JEE React B1\Team1_AutomationTravelAgency\target\classes started by akash in X:\Capgemini New Batch - 27 may JEE React B1\Team1_AutomationTravelAgency)
2021-08-17 09:41:22.645  INFO 5180 --- [restartedMain] com.capgemini.Client                     : No active profile set, falling back to default profiles: default
2021-08-17 09:41:23.343  INFO 5180 --- [restartedMain] o.s.b.devtools.restart.ChangeableUrls    : The Class-Path manifest attribute in C:\Users\akash\.m2\repository\org\glassfish\jaxb\jaxb-runtime\2.3.2\jaxb-runtime-2.3.2.jar referenced one or more files that do not exist: file:/C:/Users/akash/.m2/repository/org/glassfish/jaxb/jaxb-runtime/2.3.2/jakarta.xml.bind-api-2.3.2.jar,file:/C:/Users/akash/.m2/repository/org/glassfish/jaxb/jaxb-runtime/2.3.2/txw2-2.3.2.jar,file:/C:/Users/akash/.m2/repository/org/glassfish/jaxb/jaxb-runtime/2.3.2/istack-commons-runtime-3.0.8.jar,file:/C:/Users/akash/.m2/repository/org/glassfish/jaxb/jaxb-runtime/2.3.2/stax-ex-1.8.1.jar,file:/C:/Users/akash/.m2/repository/org/glassfish/jaxb/jaxb-runtime/2.3.2/FastInfoset-1.2.16.jar,file:/C:/Users/akash/.m2/repository/org/glassfish/jaxb/jaxb-runtime/2.3.2/jakarta.activation-api-1.2.1.jar
2021-08-17 09:41:23.388  INFO 5180 --- [restartedMain] .e.DevToolsPropertyDefaultsPostProcessor : Devtools property defaults active! Set 'spring.devtools.add-properties' to 'false' to disable
2021-08-17 09:41:23.388  INFO 5180 --- [restartedMain] .e.DevToolsPropertyDefaultsPostProcessor : For additional web related logging consider setting the 'logging.level.web' property to 'DEBUG'
2021-08-17 09:41:30.630  INFO 5180 --- [restartedMain] .s.d.r.c.RepositoryConfigurationDelegate : Bootstrapping Spring Data JPA repositories in DEFAULT mode.
2021-08-17 09:41:30.823  INFO 5180 --- [restartedMain] .s.d.r.c.RepositoryConfigurationDelegate : Finished Spring Data repository scanning in 177ms. Found 7 JPA repository interfaces.
2021-08-17 09:41:32.776  INFO 5180 --- [restartedMain] o.s.b.w.embedded.tomcat.TomcatWebServer  : Tomcat initialized with port(s): 9090 (http)
2021-08-17 09:41:32.809  INFO 5180 --- [restartedMain] o.apache.catalina.core.StandardService   : Starting service [Tomcat]
2021-08-17 09:41:32.809  INFO 5180 --- [restartedMain] org.apache.catalina.core.StandardEngine  : Starting Servlet engine: [Apache Tomcat/9.0.46]
2021-08-17 09:41:33.142  INFO 5180 --- [restartedMain] o.a.c.c.C.[.[localhost].[/user-api]      : Initializing Spring embedded WebApplicationContext
2021-08-17 09:41:33.142  INFO 5180 --- [restartedMain] w.s.c.ServletWebServerApplicationContext : Root WebApplicationContext: initialization completed in 9753 ms
2021-08-17 09:41:33.681  INFO 5180 --- [restartedMain] o.hibernate.jpa.internal.util.LogHelper  : HHH000204: Processing PersistenceUnitInfo [name: default]
2021-08-17 09:41:33.813  INFO 5180 --- [restartedMain] org.hibernate.Version                    : HHH000412: Hibernate ORM core version 5.4.32.Final
2021-08-17 09:41:34.179  INFO 5180 --- [restartedMain] o.hibernate.annotations.common.Version   : HCANN000001: Hibernate Commons Annotations {5.1.2.Final}
2021-08-17 09:41:34.435  INFO 5180 --- [restartedMain] com.zaxxer.hikari.HikariDataSource       : HikariPool-1 - Starting...
2021-08-17 09:41:35.652  INFO 5180 --- [restartedMain] com.zaxxer.hikari.HikariDataSource       : HikariPool-1 - Start completed.
2021-08-17 09:41:35.720  INFO 5180 --- [restartedMain] org.hibernate.dialect.Dialect            : HHH000400: Using dialect: org.hibernate.dialect.PostgreSQL10Dialect
2021-08-17 09:41:38.480  INFO 5180 --- [restartedMain] o.h.e.t.j.p.i.JtaPlatformInitiator       : HHH000490: Using JtaPlatform implementation: [org.hibernate.engine.transaction.jta.platform.internal.NoJtaPlatform]
2021-08-17 09:41:38.507  INFO 5180 --- [restartedMain] j.LocalContainerEntityManagerFactoryBean : Initialized JPA EntityManagerFactory for persistence unit 'default'
2021-08-17 09:41:38.532  INFO 5180 --- [restartedMain] o.s.b.d.a.OptionalLiveReloadServer       : LiveReload server is running on port 35729
2021-08-17 09:41:42.004  WARN 5180 --- [restartedMain] JpaBaseConfiguration$JpaWebConfiguration : spring.jpa.open-in-view is enabled by default. Therefore, database queries may be performed during view rendering. Explicitly configure spring.jpa.open-in-view to disable this warning
2021-08-17 09:41:43.670  INFO 5180 --- [restartedMain] o.s.s.concurrent.ThreadPoolTaskExecutor  : Initializing ExecutorService 'applicationTaskExecutor'
2021-08-17 09:41:44.124  INFO 5180 --- [restartedMain] o.s.b.w.embedded.tomcat.TomcatWebServer  : Tomcat started on port(s): 9090 (http) with context path '/user-api'
2021-08-17 09:41:44.785  INFO 5180 --- [restartedMain] com.capgemini.Client                     : Started Client in 23.071 seconds (JVM running for 23.714)
2021-08-17 09:47:35.541  INFO 5180 --- [http-nio-9090-exec-1] o.a.c.c.C.[.[localhost].[/user-api]      : Initializing Spring DispatcherServlet 'dispatcherServlet'
2021-08-17 09:47:35.541  INFO 5180 --- [http-nio-9090-exec-1] o.s.web.servlet.DispatcherServlet        : Initializing Servlet 'dispatcherServlet'
2021-08-17 09:47:35.570  INFO 5180 --- [http-nio-9090-exec-1] o.s.web.servlet.DispatcherServlet        : Completed initialization in 28 ms
2021-08-17 10:03:45.865  INFO 5180 --- [http-nio-9090-exec-5] c.capgemini.controller.AdminController   : All Drivers are displayed
2021-08-17 10:03:45.894  INFO 5180 --- [http-nio-9090-exec-5] c.capgemini.controller.AdminController   : Getting All Drivers
2021-08-17 10:05:39.563  INFO 5180 --- [http-nio-9090-exec-8] c.capgemini.controller.AdminController   : Save Driver method is accessed
2021-08-17 10:05:39.571  WARN 5180 --- [http-nio-9090-exec-8] .m.m.a.ExceptionHandlerExceptionResolver : Resolved [java.util.NoSuchElementException: No value present]
2021-08-17 10:06:34.887  INFO 5180 --- [http-nio-9090-exec-9] c.capgemini.controller.AdminController   : Save Driver method is accessed
2021-08-17 10:06:35.928  INFO 5180 --- [http-nio-9090-exec-9] c.capgemini.controller.AdminController   : Driver is added
2021-08-17 10:06:38.645  INFO 5180 --- [http-nio-9090-exec-10] c.capgemini.controller.AdminController   : All Drivers are displayed
2021-08-17 10:06:38.650  INFO 5180 --- [http-nio-9090-exec-10] c.capgemini.controller.AdminController   : Getting All Drivers
2021-08-17 10:08:38.323  INFO 5180 --- [http-nio-9090-exec-2] c.capgemini.controller.AdminController   : Save Vehile method is accessed
2021-08-17 10:08:38.368  WARN 5180 --- [http-nio-9090-exec-4] .m.m.a.ExceptionHandlerExceptionResolver : Resolved [java.util.NoSuchElementException: No value present]
2021-08-17 10:08:38.538  INFO 5180 --- [http-nio-9090-exec-2] c.capgemini.controller.AdminController   : Vehicle is added
2021-08-17 10:08:38.538  INFO 5180 --- [http-nio-9090-exec-9] c.c.c.LoginRegistrationController        : Geting all Customer details
2021-08-17 10:08:38.562  INFO 5180 --- [http-nio-9090-exec-1] c.capgemini.controller.AdminController   : Search by VehicleId is displayed
2021-08-17 10:08:38.610  WARN 5180 --- [http-nio-9090-exec-3] c.capgemini.controller.AdminController   : Vehicle Id is deleted
2021-08-17 10:08:38.615  INFO 5180 --- [http-nio-9090-exec-6] c.capgemini.controller.AdminController   : Vehicle Data is Updated
2021-08-17 10:08:38.624  INFO 5180 --- [http-nio-9090-exec-7] c.capgemini.controller.AdminController   : All Vehicle data is fetched
2021-08-17 10:08:38.665  INFO 5180 --- [http-nio-9090-exec-8] c.c.controller.CustomerController        : Searching using source, destination, journey date
2021-08-17 10:08:38.674 ERROR 5180 --- [http-nio-9090-exec-4] o.a.c.c.C.[.[.[.[dispatcherServlet]      : Servlet.service() for servlet [dispatcherServlet] in context with path [/user-api] threw exception [Request processing failed; nested exception is java.lang.NullPointerException] with root cause

java.lang.NullPointerException: null
	at com.capgemini.controller.LoginRegistrationController.forgotCustomerPassword(LoginRegistrationController.java:198) ~[classes/:na]
	at sun.reflect.NativeMethodAccessorImpl.invoke0(Native Method) ~[na:1.8.0_77]
	at sun.reflect.NativeMethodAccessorImpl.invoke(Unknown Source) ~[na:1.8.0_77]
	at sun.reflect.DelegatingMethodAccessorImpl.invoke(Unknown Source) ~[na:1.8.0_77]
	at java.lang.reflect.Method.invoke(Unknown Source) ~[na:1.8.0_77]
	at org.springframework.web.method.support.InvocableHandlerMethod.doInvoke(InvocableHandlerMethod.java:190) ~[spring-web-5.2.15.RELEASE.jar:5.2.15.RELEASE]
	at org.springframework.web.method.support.InvocableHandlerMethod.invokeForRequest(InvocableHandlerMethod.java:138) ~[spring-web-5.2.15.RELEASE.jar:5.2.15.RELEASE]
	at org.springframework.web.servlet.mvc.method.annotation.ServletInvocableHandlerMethod.invokeAndHandle(ServletInvocableHandlerMethod.java:105) ~[spring-webmvc-5.2.15.RELEASE.jar:5.2.15.RELEASE]
	at org.springframework.web.servlet.mvc.method.annotation.RequestMappingHandlerAdapter.invokeHandlerMethod(RequestMappingHandlerAdapter.java:878) ~[spring-webmvc-5.2.15.RELEASE.jar:5.2.15.RELEASE]
	at org.springframework.web.servlet.mvc.method.annotation.RequestMappingHandlerAdapter.handleInternal(RequestMappingHandlerAdapter.java:792) ~[spring-webmvc-5.2.15.RELEASE.jar:5.2.15.RELEASE]
	at org.springframework.web.servlet.mvc.method.AbstractHandlerMethodAdapter.handle(AbstractHandlerMethodAdapter.java:87) ~[spring-webmvc-5.2.15.RELEASE.jar:5.2.15.RELEASE]
	at org.springframework.web.servlet.DispatcherServlet.doDispatch(DispatcherServlet.java:1040) ~[spring-webmvc-5.2.15.RELEASE.jar:5.2.15.RELEASE]
	at org.springframework.web.servlet.DispatcherServlet.doService(DispatcherServlet.java:943) ~[spring-webmvc-5.2.15.RELEASE.jar:5.2.15.RELEASE]
	at org.springframework.web.servlet.FrameworkServlet.processRequest(FrameworkServlet.java:1006) ~[spring-webmvc-5.2.15.RELEASE.jar:5.2.15.RELEASE]
	at org.springframework.web.servlet.FrameworkServlet.doGet(FrameworkServlet.java:898) ~[spring-webmvc-5.2.15.RELEASE.jar:5.2.15.RELEASE]
	at javax.servlet.http.HttpServlet.service(HttpServlet.java:626) ~[tomcat-embed-core-9.0.46.jar:4.0.FR]
	at org.springframework.web.servlet.FrameworkServlet.service(FrameworkServlet.java:883) ~[spring-webmvc-5.2.15.RELEASE.jar:5.2.15.RELEASE]
	at javax.servlet.http.HttpServlet.service(HttpServlet.java:733) ~[tomcat-embed-core-9.0.46.jar:4.0.FR]
	at org.apache.catalina.core.ApplicationFilterChain.internalDoFilter(ApplicationFilterChain.java:227) ~[tomcat-embed-core-9.0.46.jar:9.0.46]
	at org.apache.catalina.core.ApplicationFilterChain.doFilter(ApplicationFilterChain.java:162) ~[tomcat-embed-core-9.0.46.jar:9.0.46]
	at org.apache.tomcat.websocket.server.WsFilter.doFilter(WsFilter.java:53) ~[tomcat-embed-websocket-9.0.46.jar:9.0.46]
	at org.apache.catalina.core.ApplicationFilterChain.internalDoFilter(ApplicationFilterChain.java:189) ~[tomcat-embed-core-9.0.46.jar:9.0.46]
	at org.apache.catalina.core.ApplicationFilterChain.doFilter(ApplicationFilterChain.java:162) ~[tomcat-embed-core-9.0.46.jar:9.0.46]
	at org.springframework.web.filter.RequestContextFilter.doFilterInternal(RequestContextFilter.java:100) ~[spring-web-5.2.15.RELEASE.jar:5.2.15.RELEASE]
	at org.springframework.web.filter.OncePerRequestFilter.doFilter(OncePerRequestFilter.java:119) ~[spring-web-5.2.15.RELEASE.jar:5.2.15.RELEASE]
	at org.apache.catalina.core.ApplicationFilterChain.internalDoFilter(ApplicationFilterChain.java:189) ~[tomcat-embed-core-9.0.46.jar:9.0.46]
	at org.apache.catalina.core.ApplicationFilterChain.doFilter(ApplicationFilterChain.java:162) ~[tomcat-embed-core-9.0.46.jar:9.0.46]
	at org.springframework.web.filter.FormContentFilter.doFilterInternal(FormContentFilter.java:93) ~[spring-web-5.2.15.RELEASE.jar:5.2.15.RELEASE]
	at org.springframework.web.filter.OncePerRequestFilter.doFilter(OncePerRequestFilter.java:119) ~[spring-web-5.2.15.RELEASE.jar:5.2.15.RELEASE]
	at org.apache.catalina.core.ApplicationFilterChain.internalDoFilter(ApplicationFilterChain.java:189) ~[tomcat-embed-core-9.0.46.jar:9.0.46]
	at org.apache.catalina.core.ApplicationFilterChain.doFilter(ApplicationFilterChain.java:162) ~[tomcat-embed-core-9.0.46.jar:9.0.46]
	at org.springframework.web.filter.CharacterEncodingFilter.doFilterInternal(CharacterEncodingFilter.java:201) ~[spring-web-5.2.15.RELEASE.jar:5.2.15.RELEASE]
	at org.springframework.web.filter.OncePerRequestFilter.doFilter(OncePerRequestFilter.java:119) ~[spring-web-5.2.15.RELEASE.jar:5.2.15.RELEASE]
	at org.apache.catalina.core.ApplicationFilterChain.internalDoFilter(ApplicationFilterChain.java:189) ~[tomcat-embed-core-9.0.46.jar:9.0.46]
	at org.apache.catalina.core.ApplicationFilterChain.doFilter(ApplicationFilterChain.java:162) ~[tomcat-embed-core-9.0.46.jar:9.0.46]
	at org.apache.catalina.core.StandardWrapperValve.invoke(StandardWrapperValve.java:202) ~[tomcat-embed-core-9.0.46.jar:9.0.46]
	at org.apache.catalina.core.StandardContextValve.invoke(StandardContextValve.java:97) [tomcat-embed-core-9.0.46.jar:9.0.46]
	at org.apache.catalina.authenticator.AuthenticatorBase.invoke(AuthenticatorBase.java:542) [tomcat-embed-core-9.0.46.jar:9.0.46]
	at org.apache.catalina.core.StandardHostValve.invoke(StandardHostValve.java:143) [tomcat-embed-core-9.0.46.jar:9.0.46]
	at org.apache.catalina.valves.ErrorReportValve.invoke(ErrorReportValve.java:92) [tomcat-embed-core-9.0.46.jar:9.0.46]
	at org.apache.catalina.core.StandardEngineValve.invoke(StandardEngineValve.java:78) [tomcat-embed-core-9.0.46.jar:9.0.46]
	at org.apache.catalina.connector.CoyoteAdapter.service(CoyoteAdapter.java:357) [tomcat-embed-core-9.0.46.jar:9.0.46]
	at org.apache.coyote.http11.Http11Processor.service(Http11Processor.java:374) [tomcat-embed-core-9.0.46.jar:9.0.46]
	at org.apache.coyote.AbstractProcessorLight.process(AbstractProcessorLight.java:65) [tomcat-embed-core-9.0.46.jar:9.0.46]
	at org.apache.coyote.AbstractProtocol$ConnectionHandler.process(AbstractProtocol.java:893) [tomcat-embed-core-9.0.46.jar:9.0.46]
	at org.apache.tomcat.util.net.NioEndpoint$SocketProcessor.doRun(NioEndpoint.java:1707) [tomcat-embed-core-9.0.46.jar:9.0.46]
	at org.apache.tomcat.util.net.SocketProcessorBase.run(SocketProcessorBase.java:49) [tomcat-embed-core-9.0.46.jar:9.0.46]
	at java.util.concurrent.ThreadPoolExecutor.runWorker(Unknown Source) [na:1.8.0_77]
	at java.util.concurrent.ThreadPoolExecutor$Worker.run(Unknown Source) [na:1.8.0_77]
	at org.apache.tomcat.util.threads.TaskThread$WrappingRunnable.run(TaskThread.java:61) [tomcat-embed-core-9.0.46.jar:9.0.46]
	at java.lang.Thread.run(Unknown Source) [na:1.8.0_77]

2021-08-17 10:10:13.952  INFO 5180 --- [http-nio-9090-exec-5] c.capgemini.controller.AdminController   : Save Driver method is accessed
2021-08-17 10:10:13.957  INFO 5180 --- [http-nio-9090-exec-5] c.capgemini.controller.AdminController   : Driver is added
2021-08-17 10:10:15.843  INFO 5180 --- [http-nio-9090-exec-9] c.capgemini.controller.AdminController   : All Drivers are displayed
2021-08-17 10:10:15.855  INFO 5180 --- [http-nio-9090-exec-9] c.capgemini.controller.AdminController   : Getting All Drivers
2021-08-17 10:13:59.694  INFO 5180 --- [http-nio-9090-exec-10] c.capgemini.controller.AdminController   : Save Driver method is accessed
2021-08-17 10:13:59.700  WARN 5180 --- [http-nio-9090-exec-10] .m.m.a.ExceptionHandlerExceptionResolver : Resolved [java.util.NoSuchElementException: No value present]
2021-08-17 10:14:04.623  INFO 5180 --- [http-nio-9090-exec-1] c.capgemini.controller.AdminController   : Save Driver method is accessed
2021-08-17 10:14:04.626  WARN 5180 --- [http-nio-9090-exec-1] .m.m.a.ExceptionHandlerExceptionResolver : Resolved [java.util.NoSuchElementException: No value present]
2021-08-17 10:14:05.941  INFO 5180 --- [http-nio-9090-exec-3] c.capgemini.controller.AdminController   : Save Driver method is accessed
2021-08-17 10:14:05.944  WARN 5180 --- [http-nio-9090-exec-3] .m.m.a.ExceptionHandlerExceptionResolver : Resolved [java.util.NoSuchElementException: No value present]
2021-08-17 10:14:09.061  INFO 5180 --- [http-nio-9090-exec-6] c.capgemini.controller.AdminController   : Save Driver method is accessed
2021-08-17 10:14:09.444  INFO 5180 --- [http-nio-9090-exec-6] c.capgemini.controller.AdminController   : Driver is added
2021-08-17 10:14:10.960  INFO 5180 --- [http-nio-9090-exec-7] c.capgemini.controller.AdminController   : All Drivers are displayed
2021-08-17 10:14:10.972  INFO 5180 --- [http-nio-9090-exec-7] c.capgemini.controller.AdminController   : Getting All Drivers
2021-08-17 10:16:38.199  INFO 5180 --- [http-nio-9090-exec-4] c.capgemini.controller.AdminController   : Save Driver method is accessed
2021-08-17 10:16:38.202  INFO 5180 --- [http-nio-9090-exec-4] c.capgemini.controller.AdminController   : Driver is added
2021-08-17 10:16:40.743  INFO 5180 --- [http-nio-9090-exec-5] c.capgemini.controller.AdminController   : All Drivers are displayed
2021-08-17 10:16:40.752  INFO 5180 --- [http-nio-9090-exec-5] c.capgemini.controller.AdminController   : Getting All Drivers
2021-08-17 10:17:57.152  INFO 5180 --- [http-nio-9090-exec-2] c.capgemini.controller.AdminController   : Save Driver method is accessed
2021-08-17 10:17:57.807  INFO 5180 --- [http-nio-9090-exec-2] c.capgemini.controller.AdminController   : Driver is added
2021-08-17 10:18:00.004  INFO 5180 --- [http-nio-9090-exec-10] c.capgemini.controller.AdminController   : All Drivers are displayed
2021-08-17 10:18:00.012  INFO 5180 --- [http-nio-9090-exec-10] c.capgemini.controller.AdminController   : Getting All Drivers
2021-08-17 10:19:10.087  INFO 5180 --- [http-nio-9090-exec-3] c.capgemini.controller.AdminController   : Save Driver method is accessed
2021-08-17 10:19:10.194  INFO 5180 --- [http-nio-9090-exec-3] c.capgemini.controller.AdminController   : Driver is added
2021-08-17 10:19:11.456  INFO 5180 --- [http-nio-9090-exec-6] c.capgemini.controller.AdminController   : All Drivers are displayed
2021-08-17 10:19:11.488  INFO 5180 --- [http-nio-9090-exec-6] c.capgemini.controller.AdminController   : Getting All Drivers
2021-08-17 10:25:26.107  INFO 5180 --- [http-nio-9090-exec-8] c.capgemini.controller.AdminController   : All Drivers are displayed
2021-08-17 10:25:26.111  INFO 5180 --- [http-nio-9090-exec-8] c.capgemini.controller.AdminController   : Getting All Drivers
2021-08-17 10:25:36.404  INFO 5180 --- [http-nio-9090-exec-4] c.capgemini.controller.AdminController   : All Vehicle data is fetched
2021-08-17 10:28:30.383  INFO 5180 --- [http-nio-9090-exec-2] c.capgemini.controller.AdminController   : Save Vehile method is accessed
2021-08-17 10:28:30.411  INFO 5180 --- [http-nio-9090-exec-2] c.capgemini.controller.AdminController   : Vehicle is added
2021-08-17 10:28:30.447  INFO 5180 --- [http-nio-9090-exec-10] c.capgemini.controller.AdminController   : All Vehicle data is fetched
2021-08-17 10:33:58.837  INFO 5180 --- [http-nio-9090-exec-3] c.c.controller.CustomerController        : Searching using source, destination, journey date
2021-08-17 10:36:01.095  INFO 5180 --- [http-nio-9090-exec-4] c.c.controller.CustomerController        : Getting the list of bookings
2021-08-17 10:36:06.270  INFO 5180 --- [http-nio-9090-exec-5] c.c.controller.CustomerController        : Getting the list of bookings
2021-08-17 10:40:31.676  INFO 5180 --- [http-nio-9090-exec-2] c.c.controller.CustomerController        : Getting the list of bookings
2021-08-17 10:43:56.990  INFO 5180 --- [http-nio-9090-exec-3] c.c.controller.CustomerController        : Save Booking Method is accessed
2021-08-17 10:43:57.034  WARN 5180 --- [http-nio-9090-exec-3] .m.m.a.ExceptionHandlerExceptionResolver : Resolved [java.util.NoSuchElementException: No value present]
2021-08-17 10:44:09.097  INFO 5180 --- [http-nio-9090-exec-6] c.c.controller.CustomerController        : Save Booking Method is accessed
2021-08-17 10:44:09.104  WARN 5180 --- [http-nio-9090-exec-6] .m.m.a.ExceptionHandlerExceptionResolver : Resolved [java.util.NoSuchElementException: No value present]
2021-08-17 10:47:22.247  WARN 5180 --- [http-nio-9090-exec-9] .m.m.a.ExceptionHandlerExceptionResolver : Resolved [java.util.NoSuchElementException: No value present]
2021-08-17 10:50:34.744  INFO 5180 --- [http-nio-9090-exec-6] c.capgemini.controller.AdminController   : All Drivers are displayed
2021-08-17 10:50:34.748  INFO 5180 --- [http-nio-9090-exec-6] c.capgemini.controller.AdminController   : Getting All Drivers
2021-08-17 10:50:37.510  INFO 5180 --- [http-nio-9090-exec-7] c.c.controller.CustomerController        : Getting the list of bookings
2021-08-17 10:51:26.834  INFO 5180 --- [http-nio-9090-exec-9] c.c.controller.CustomerController        : Save Booking Method is accessed
2021-08-17 10:51:26.966  INFO 5180 --- [http-nio-9090-exec-9] c.c.controller.CustomerController        : Booking is created
2021-08-17 10:51:34.747  INFO 5180 --- [http-nio-9090-exec-2] c.c.controller.CustomerController        : Getting the list of bookings
2021-08-17 10:52:09.601  INFO 5180 --- [http-nio-9090-exec-1] c.capgemini.controller.AdminController   : All Vehicle data is fetched
2021-08-17 10:52:28.939  INFO 5180 --- [http-nio-9090-exec-6] c.capgemini.controller.AdminController   : Search by VehicleId is displayed
2021-08-17 10:52:33.540  INFO 5180 --- [http-nio-9090-exec-7] c.capgemini.controller.AdminController   : All Vehicle data is fetched
2021-08-17 10:53:54.095  INFO 5180 --- [http-nio-9090-exec-5] c.c.controller.CustomerController        : Save Booking Method is accessed
2021-08-17 10:53:54.100  WARN 5180 --- [http-nio-9090-exec-5] .m.m.a.ExceptionHandlerExceptionResolver : Resolved [java.util.NoSuchElementException: No value present]
2021-08-17 10:56:58.441  INFO 5180 --- [http-nio-9090-exec-10] c.c.controller.CustomerController        : Searching using source, destination, journey date
2021-08-17 11:04:21.900  INFO 5180 --- [http-nio-9090-exec-3] c.c.controller.CustomerController        : Searching using source, destination, journey date
2021-08-17 11:04:36.254  INFO 5180 --- [http-nio-9090-exec-6] c.capgemini.controller.AdminController   : Search by VehicleId is displayed
2021-08-17 11:04:37.499  WARN 5180 --- [http-nio-9090-exec-7] .m.m.a.ExceptionHandlerExceptionResolver : Resolved [org.springframework.web.method.annotation.MethodArgumentTypeMismatchException: Failed to convert value of type 'java.lang.String' to required type 'int'; nested exception is java.lang.NumberFormatException: For input string: "null"]
2021-08-17 11:04:48.557  INFO 5180 --- [http-nio-9090-exec-5] c.c.controller.CustomerController        : Searching using source, destination, journey date
2021-08-17 11:04:51.088  INFO 5180 --- [http-nio-9090-exec-9] c.c.c.LoginRegistrationController        : Searching for Customer using Id
2021-08-17 11:04:51.409  INFO 5180 --- [http-nio-9090-exec-2] c.capgemini.controller.AdminController   : Search by VehicleId is displayed
2021-08-17 11:04:58.144  INFO 5180 --- [http-nio-9090-exec-1] c.c.controller.CustomerController        : Save Booking Method is accessed
2021-08-17 11:04:58.250  INFO 5180 --- [http-nio-9090-exec-1] c.c.controller.CustomerController        : Booking is created
2021-08-17 11:05:07.117  INFO 5180 --- [http-nio-9090-exec-3] c.c.controller.CustomerController        : Searching using source, destination, journey date
2021-08-17 11:05:12.463  INFO 5180 --- [http-nio-9090-exec-6] c.capgemini.controller.AdminController   : Search by VehicleId is displayed
2021-08-17 11:05:12.469  INFO 5180 --- [http-nio-9090-exec-7] c.c.c.LoginRegistrationController        : Searching for Customer using Id
2021-08-17 11:05:29.491  INFO 5180 --- [http-nio-9090-exec-8] c.c.controller.CustomerController        : Save Booking Method is accessed
2021-08-17 11:05:29.506  INFO 5180 --- [http-nio-9090-exec-8] c.c.controller.CustomerController        : Booking is created
2021-08-17 11:19:54.357  INFO 5180 --- [http-nio-9090-exec-9] c.c.controller.CustomerController        : Searching using source, destination, journey date
2021-08-17 11:19:58.787  INFO 5180 --- [http-nio-9090-exec-1] c.c.c.LoginRegistrationController        : Searching for Customer using Id
2021-08-17 11:19:58.838  INFO 5180 --- [http-nio-9090-exec-10] c.capgemini.controller.AdminController   : Search by VehicleId is displayed
2021-08-17 11:20:22.349  INFO 5180 --- [http-nio-9090-exec-8] c.c.controller.CustomerController        : Searching using source, destination, journey date
2021-08-17 11:20:24.405  INFO 5180 --- [http-nio-9090-exec-4] c.capgemini.controller.AdminController   : Search by VehicleId is displayed
2021-08-17 11:20:24.482  INFO 5180 --- [http-nio-9090-exec-5] c.c.c.LoginRegistrationController        : Searching for Customer using Id
2021-08-17 11:21:25.155  INFO 5180 --- [http-nio-9090-exec-1] c.c.controller.CustomerController        : Save Booking Method is accessed
2021-08-17 11:21:25.171  INFO 5180 --- [http-nio-9090-exec-1] c.c.controller.CustomerController        : Booking is created
2021-08-17 11:21:48.121  INFO 5180 --- [http-nio-9090-exec-8] c.c.controller.CustomerController        : Getting the list of bookings
2021-08-17 11:22:55.357  INFO 5180 --- [http-nio-9090-exec-9] c.c.controller.CustomerController        : Getting the list of bookings
2021-08-17 11:23:00.540  INFO 5180 --- [http-nio-9090-exec-3] c.c.controller.CustomerController        : Getting the list of bookings
2021-08-17 11:23:02.745  INFO 5180 --- [http-nio-9090-exec-6] c.capgemini.controller.AdminController   : All Vehicle data is fetched
2021-08-17 11:23:10.040  INFO 5180 --- [http-nio-9090-exec-8] c.capgemini.controller.AdminController   : All Drivers are displayed
2021-08-17 11:23:10.071  INFO 5180 --- [http-nio-9090-exec-8] c.capgemini.controller.AdminController   : Getting All Drivers
2021-08-17 11:23:18.235  INFO 5180 --- [http-nio-9090-exec-2] c.c.c.LoginRegistrationController        : Geting all Customer details
2021-08-17 11:23:22.737  INFO 5180 --- [http-nio-9090-exec-9] c.c.controller.CustomerController        : Getting the list of bookings
2021-08-17 11:51:38.965  INFO 5180 --- [http-nio-9090-exec-10] c.c.controller.CustomerController        : Save Booking Method is accessed
2021-08-17 11:51:39.165  INFO 5180 --- [http-nio-9090-exec-10] c.c.controller.CustomerController        : Booking is created
2021-08-17 11:51:39.563  WARN 5180 --- [http-nio-9090-exec-3] .m.m.a.ExceptionHandlerExceptionResolver : Resolved [java.util.NoSuchElementException: No value present]
2021-08-17 11:51:39.667  INFO 5180 --- [http-nio-9090-exec-6] c.c.controller.CustomerController        : Getting the list of bookings
2021-08-17 11:52:50.966  INFO 5180 --- [http-nio-9090-exec-7] c.c.controller.CustomerController        : Save Booking Method is accessed
2021-08-17 11:52:50.983  INFO 5180 --- [http-nio-9090-exec-7] c.c.controller.CustomerController        : Booking is created
2021-08-17 11:52:51.006  WARN 5180 --- [http-nio-9090-exec-8] .m.m.a.ExceptionHandlerExceptionResolver : Resolved [java.util.NoSuchElementException: No value present]
2021-08-17 11:52:51.032  INFO 5180 --- [http-nio-9090-exec-4] c.c.controller.CustomerController        : Getting the list of bookings
2021-08-17 11:53:15.778  INFO 5180 --- [http-nio-9090-exec-5] c.c.controller.CustomerController        : Save Booking Method is accessed
2021-08-17 11:53:16.879  INFO 5180 --- [http-nio-9090-exec-5] c.c.controller.CustomerController        : Booking is created
2021-08-17 11:53:17.018  WARN 5180 --- [http-nio-9090-exec-2] .m.m.a.ExceptionHandlerExceptionResolver : Resolved [java.util.NoSuchElementException: No value present]
2021-08-17 11:53:17.028  INFO 5180 --- [http-nio-9090-exec-9] c.c.controller.CustomerController        : Getting the list of bookings
2021-08-17 11:55:42.123  INFO 5180 --- [http-nio-9090-exec-1] c.c.controller.CustomerController        : Save Booking Method is accessed
2021-08-17 11:55:42.233  INFO 5180 --- [http-nio-9090-exec-1] c.c.controller.CustomerController        : Booking is created
2021-08-17 11:55:42.252  WARN 5180 --- [http-nio-9090-exec-10] .m.m.a.ExceptionHandlerExceptionResolver : Resolved [java.util.NoSuchElementException: No value present]
2021-08-17 11:55:42.336  INFO 5180 --- [http-nio-9090-exec-3] c.c.controller.CustomerController        : Getting the list of bookings
2021-08-17 11:56:10.733  INFO 5180 --- [http-nio-9090-exec-6] c.c.controller.CustomerController        : Save Booking Method is accessed
2021-08-17 11:56:10.748  INFO 5180 --- [http-nio-9090-exec-6] c.c.controller.CustomerController        : Booking is created
2021-08-17 11:56:10.761  WARN 5180 --- [http-nio-9090-exec-7] .m.m.a.ExceptionHandlerExceptionResolver : Resolved [java.util.NoSuchElementException: No value present]
2021-08-17 11:56:10.785  INFO 5180 --- [http-nio-9090-exec-8] c.c.controller.CustomerController        : Getting the list of bookings
2021-08-17 11:57:33.047  INFO 5180 --- [http-nio-9090-exec-4] c.c.controller.CustomerController        : Save Booking Method is accessed
2021-08-17 11:57:33.057  INFO 5180 --- [http-nio-9090-exec-4] c.c.controller.CustomerController        : Booking is created
2021-08-17 11:57:33.287  INFO 5180 --- [http-nio-9090-exec-2] c.c.controller.CustomerController        : Getting the list of bookings
2021-08-17 12:04:41.066  INFO 5180 --- [http-nio-9090-exec-9] c.c.controller.CustomerController        : Searching using source, destination, journey date
2021-08-17 12:04:52.417  INFO 5180 --- [http-nio-9090-exec-10] c.c.controller.CustomerController        : Searching using source, destination, journey date
2021-08-17 12:30:15.509  INFO 14572 --- [restartedMain] com.capgemini.Client                     : Starting Client on AKASH with PID 14572 (X:\Capgemini New Batch - 27 may JEE React B1\Team1_AutomationTravelAgency\target\classes started by akash in X:\Capgemini New Batch - 27 may JEE React B1\Team1_AutomationTravelAgency)
2021-08-17 12:30:15.512  INFO 14572 --- [restartedMain] com.capgemini.Client                     : No active profile set, falling back to default profiles: default
2021-08-17 12:30:15.563  INFO 14572 --- [restartedMain] o.s.b.devtools.restart.ChangeableUrls    : The Class-Path manifest attribute in C:\Users\akash\.m2\repository\org\glassfish\jaxb\jaxb-runtime\2.3.2\jaxb-runtime-2.3.2.jar referenced one or more files that do not exist: file:/C:/Users/akash/.m2/repository/org/glassfish/jaxb/jaxb-runtime/2.3.2/jakarta.xml.bind-api-2.3.2.jar,file:/C:/Users/akash/.m2/repository/org/glassfish/jaxb/jaxb-runtime/2.3.2/txw2-2.3.2.jar,file:/C:/Users/akash/.m2/repository/org/glassfish/jaxb/jaxb-runtime/2.3.2/istack-commons-runtime-3.0.8.jar,file:/C:/Users/akash/.m2/repository/org/glassfish/jaxb/jaxb-runtime/2.3.2/stax-ex-1.8.1.jar,file:/C:/Users/akash/.m2/repository/org/glassfish/jaxb/jaxb-runtime/2.3.2/FastInfoset-1.2.16.jar,file:/C:/Users/akash/.m2/repository/org/glassfish/jaxb/jaxb-runtime/2.3.2/jakarta.activation-api-1.2.1.jar
2021-08-17 12:30:15.563  INFO 14572 --- [restartedMain] .e.DevToolsPropertyDefaultsPostProcessor : Devtools property defaults active! Set 'spring.devtools.add-properties' to 'false' to disable
2021-08-17 12:30:15.564  INFO 14572 --- [restartedMain] .e.DevToolsPropertyDefaultsPostProcessor : For additional web related logging consider setting the 'logging.level.web' property to 'DEBUG'
2021-08-17 12:30:16.800  INFO 14572 --- [restartedMain] .s.d.r.c.RepositoryConfigurationDelegate : Bootstrapping Spring Data JPA repositories in DEFAULT mode.
2021-08-17 12:30:16.927  INFO 14572 --- [restartedMain] .s.d.r.c.RepositoryConfigurationDelegate : Finished Spring Data repository scanning in 109ms. Found 7 JPA repository interfaces.
2021-08-17 12:30:20.030  INFO 14572 --- [restartedMain] o.s.b.w.embedded.tomcat.TomcatWebServer  : Tomcat initialized with port(s): 9090 (http)
2021-08-17 12:30:20.106  INFO 14572 --- [restartedMain] o.apache.catalina.core.StandardService   : Starting service [Tomcat]
2021-08-17 12:30:20.106  INFO 14572 --- [restartedMain] org.apache.catalina.core.StandardEngine  : Starting Servlet engine: [Apache Tomcat/9.0.46]
2021-08-17 12:30:21.049  INFO 14572 --- [restartedMain] o.a.c.c.C.[.[localhost].[/user-api]      : Initializing Spring embedded WebApplicationContext
2021-08-17 12:30:21.050  INFO 14572 --- [restartedMain] w.s.c.ServletWebServerApplicationContext : Root WebApplicationContext: initialization completed in 5486 ms
2021-08-17 12:30:23.150  INFO 14572 --- [restartedMain] o.hibernate.jpa.internal.util.LogHelper  : HHH000204: Processing PersistenceUnitInfo [name: default]
2021-08-17 12:30:25.585  INFO 14572 --- [restartedMain] org.hibernate.Version                    : HHH000412: Hibernate ORM core version 5.4.32.Final
2021-08-17 12:30:30.871  INFO 14572 --- [restartedMain] o.hibernate.annotations.common.Version   : HCANN000001: Hibernate Commons Annotations {5.1.2.Final}
2021-08-17 12:30:35.237  INFO 14572 --- [restartedMain] com.zaxxer.hikari.HikariDataSource       : HikariPool-1 - Starting...
2021-08-17 12:30:39.828  INFO 14572 --- [restartedMain] com.zaxxer.hikari.HikariDataSource       : HikariPool-1 - Start completed.
2021-08-17 12:30:40.613  INFO 14572 --- [restartedMain] org.hibernate.dialect.Dialect            : HHH000400: Using dialect: org.hibernate.dialect.PostgreSQL10Dialect
2021-08-17 12:30:52.882  INFO 14572 --- [restartedMain] o.h.e.t.j.p.i.JtaPlatformInitiator       : HHH000490: Using JtaPlatform implementation: [org.hibernate.engine.transaction.jta.platform.internal.NoJtaPlatform]
2021-08-17 12:30:53.254  INFO 14572 --- [restartedMain] j.LocalContainerEntityManagerFactoryBean : Initialized JPA EntityManagerFactory for persistence unit 'default'
2021-08-17 12:30:53.486  INFO 14572 --- [restartedMain] o.s.b.d.a.OptionalLiveReloadServer       : LiveReload server is running on port 35729
2021-08-17 12:30:59.019  WARN 14572 --- [restartedMain] JpaBaseConfiguration$JpaWebConfiguration : spring.jpa.open-in-view is enabled by default. Therefore, database queries may be performed during view rendering. Explicitly configure spring.jpa.open-in-view to disable this warning
2021-08-17 12:31:00.371  INFO 14572 --- [restartedMain] o.s.s.concurrent.ThreadPoolTaskExecutor  : Initializing ExecutorService 'applicationTaskExecutor'
2021-08-17 12:31:02.205  INFO 14572 --- [restartedMain] o.s.b.w.embedded.tomcat.TomcatWebServer  : Tomcat started on port(s): 9090 (http) with context path '/user-api'
2021-08-17 12:31:04.273  INFO 14572 --- [restartedMain] com.capgemini.Client                     : Started Client in 49.089 seconds (JVM running for 49.716)
2021-08-17 13:17:05.801  INFO 14572 --- [http-nio-9090-exec-1] o.a.c.c.C.[.[localhost].[/user-api]      : Initializing Spring DispatcherServlet 'dispatcherServlet'
2021-08-17 13:17:05.803  INFO 14572 --- [http-nio-9090-exec-1] o.s.web.servlet.DispatcherServlet        : Initializing Servlet 'dispatcherServlet'
2021-08-17 13:17:05.837  INFO 14572 --- [http-nio-9090-exec-1] o.s.web.servlet.DispatcherServlet        : Completed initialization in 34 ms
2021-08-17 18:57:10.861  INFO 14572 --- [http-nio-9090-exec-3] c.c.controller.CustomerController        : Searching using source, destination, journey date
2021-08-17 18:57:52.947  INFO 14572 --- [http-nio-9090-exec-5] c.c.c.LoginRegistrationController        : Searching for Customer using Id
2021-08-17 18:57:52.986  INFO 14572 --- [http-nio-9090-exec-4] c.capgemini.controller.AdminController   : Search by VehicleId is displayed
2021-08-17 18:58:10.575  INFO 14572 --- [http-nio-9090-exec-8] c.c.controller.CustomerController        : Searching using source, destination, journey date
2021-08-17 19:00:44.208  INFO 14572 --- [http-nio-9090-exec-2] c.c.controller.CustomerController        : Searching using source, destination, journey date
